<?xml version="1.0" encoding="UTF-8"?><testrun name="TestRunner" project="CDMProject" tests="1" started="1" failures="0" errors="1" ignored="0">
  <testsuite name="com.cdm.runner.TestRunner" time="20.172">
    <testsuite name="EDGE Devices" time="20.172">
      <testcase name="TC35_Verification of the search functionality for overall table in the EDGE Device screen" classname="EDGE Devices" time="20.172">
        <error>org.openqa.selenium.ElementClickInterceptedException: element click intercepted: Element &lt;mat-icon _ngcontent-rub-c197="" role="img" class="mat-icon notranslate material-icons mat-icon-no-color" aria-hidden="true" data-mat-icon-type="font"&gt;...&lt;/mat-icon&gt; is not clickable at point (456, 148). Other element would receive the click: &lt;div class="cdk-overlay-backdrop cdk-overlay-transparent-backdrop cdk-overlay-backdrop-showing"&gt;&lt;/div&gt;
  (Session info: chrome=119.0.6045.160)
Build info: version: '4.15.0', revision: '1d14b5521b'
System info: os.name: 'Windows 11', os.arch: 'amd64', os.version: '10.0', java.version: '20'
Driver info: org.openqa.selenium.chrome.ChromeDriver
Command: [f7a2d851f250a171ce5352868eceb2cc, clickElement {id=943E5ADE92FAC685E6C640C24B1364DB_element_41}]
Capabilities {acceptInsecureCerts: false, browserName: chrome, browserVersion: 119.0.6045.160, chrome: {chromedriverVersion: 119.0.6045.105 (38c72552c5e..., userDataDir: C:\Windows\TEMP\scoped_dir1...}, fedcm:accounts: true, goog:chromeOptions: {debuggerAddress: localhost:53280}, networkConnectionEnabled: false, pageLoadStrategy: normal, platformName: windows, proxy: Proxy(), se:cdp: ws://localhost:53280/devtoo..., se:cdpVersion: 119.0.6045.160, setWindowRect: true, strictFileInteractability: false, timeouts: {implicit: 0, pageLoad: 300000, script: 30000}, unhandledPromptBehavior: dismiss and notify, webauthn:extension:credBlob: true, webauthn:extension:largeBlob: true, webauthn:extension:minPinLength: true, webauthn:extension:prf: true, webauthn:virtualAuthenticators: true}
Element: [[ChromeDriver: chrome on windows (f7a2d851f250a171ce5352868eceb2cc)] -&gt; xpath: //thead/tr[1]/th[1]/div[1]/app-filter[1]/div[1]/a[1]/mat-icon[1]]
Session ID: f7a2d851f250a171ce5352868eceb2cc&#13;
	at java.base/jdk.internal.reflect.DirectConstructorHandleAccessor.newInstance(DirectConstructorHandleAccessor.java:67)&#13;
	at java.base/java.lang.reflect.Constructor.newInstanceWithCaller(Constructor.java:500)&#13;
	at java.base/java.lang.reflect.Constructor.newInstance(Constructor.java:484)&#13;
	at org.openqa.selenium.remote.codec.w3c.W3CHttpResponseCodec.createException(W3CHttpResponseCodec.java:200)&#13;
	at org.openqa.selenium.remote.codec.w3c.W3CHttpResponseCodec.decode(W3CHttpResponseCodec.java:133)&#13;
	at org.openqa.selenium.remote.codec.w3c.W3CHttpResponseCodec.decode(W3CHttpResponseCodec.java:52)&#13;
	at org.openqa.selenium.remote.HttpCommandExecutor.execute(HttpCommandExecutor.java:191)&#13;
	at org.openqa.selenium.remote.service.DriverCommandExecutor.invokeExecute(DriverCommandExecutor.java:200)&#13;
	at org.openqa.selenium.remote.service.DriverCommandExecutor.execute(DriverCommandExecutor.java:175)&#13;
	at org.openqa.selenium.remote.RemoteWebDriver.execute(RemoteWebDriver.java:607)&#13;
	at org.openqa.selenium.remote.RemoteWebElement.execute(RemoteWebElement.java:224)&#13;
	at org.openqa.selenium.remote.RemoteWebElement.click(RemoteWebElement.java:77)&#13;
	at java.base/jdk.internal.reflect.DirectMethodHandleAccessor.invoke(DirectMethodHandleAccessor.java:104)&#13;
	at java.base/java.lang.reflect.Method.invoke(Method.java:578)&#13;
	at org.openqa.selenium.support.pagefactory.internal.LocatingElementHandler.invoke(LocatingElementHandler.java:51)&#13;
	at jdk.proxy2/jdk.proxy2.$Proxy22.click(Unknown Source)&#13;
	at com.cdm.pages.EdgeDevicesPage.edgeIdSearch_Button(EdgeDevicesPage.java:174)&#13;
	at com.cdm.Stepdefinitions.EDGEDevicesSteps.enter_invalid_inputs_into_search_text_field_click_on_search(EDGEDevicesSteps.java:209)&#13;
	at âœ½.Enter invalid inputs into search text field &amp; click on search(file:///E:/Devendra/cdm/CDMCucumber/CDMProject/src/test/resources/Features/EDGEDevices.feature:267)&#13;
&#13;
</error>
      </testcase>
    </testsuite>
  </testsuite>
</testrun>
