<?xml version="1.0" encoding="UTF-8"?><testrun name="TestRunner" project="CDMProject" tests="1" started="1" failures="0" errors="1" ignored="0">
  <testsuite name="com.cdm.runner.TestRunner" time="26.088">
    <testsuite name="EDGE Devices" time="26.088">
      <testcase name="TC33_Verification of the display of search bar and text for all columns in the EDGE Device list screen" classname="EDGE Devices" time="26.088">
        <error>org.openqa.selenium.InvalidElementStateException: invalid element state: Failed to execute 'querySelector' on 'Document': '700' is not a valid selector.
  (Session info: chrome=119.0.6045.160)
Build info: version: '4.15.0', revision: '1d14b5521b'
System info: os.name: 'Windows 11', os.arch: 'amd64', os.version: '10.0', java.version: '20'
Driver info: org.openqa.selenium.chrome.ChromeDriver
Command: [642db2144f3aa1a215182e0bfa25522c, executeScript {script=document.querySelector('700').scrollLeft=div.example-container, args=[]}]
Capabilities {acceptInsecureCerts: false, browserName: chrome, browserVersion: 119.0.6045.160, chrome: {chromedriverVersion: 119.0.6045.105 (38c72552c5e..., userDataDir: C:\Windows\TEMP\scoped_dir1...}, fedcm:accounts: true, goog:chromeOptions: {debuggerAddress: localhost:50015}, networkConnectionEnabled: false, pageLoadStrategy: normal, platformName: windows, proxy: Proxy(), se:cdp: ws://localhost:50015/devtoo..., se:cdpVersion: 119.0.6045.160, setWindowRect: true, strictFileInteractability: false, timeouts: {implicit: 0, pageLoad: 300000, script: 30000}, unhandledPromptBehavior: dismiss and notify, webauthn:extension:credBlob: true, webauthn:extension:largeBlob: true, webauthn:extension:minPinLength: true, webauthn:extension:prf: true, webauthn:virtualAuthenticators: true}
Session ID: 642db2144f3aa1a215182e0bfa25522c&#13;
	at java.base/jdk.internal.reflect.DirectConstructorHandleAccessor.newInstance(DirectConstructorHandleAccessor.java:67)&#13;
	at java.base/java.lang.reflect.Constructor.newInstanceWithCaller(Constructor.java:500)&#13;
	at java.base/java.lang.reflect.Constructor.newInstance(Constructor.java:484)&#13;
	at org.openqa.selenium.remote.codec.w3c.W3CHttpResponseCodec.createException(W3CHttpResponseCodec.java:200)&#13;
	at org.openqa.selenium.remote.codec.w3c.W3CHttpResponseCodec.decode(W3CHttpResponseCodec.java:133)&#13;
	at org.openqa.selenium.remote.codec.w3c.W3CHttpResponseCodec.decode(W3CHttpResponseCodec.java:52)&#13;
	at org.openqa.selenium.remote.HttpCommandExecutor.execute(HttpCommandExecutor.java:191)&#13;
	at org.openqa.selenium.remote.service.DriverCommandExecutor.invokeExecute(DriverCommandExecutor.java:200)&#13;
	at org.openqa.selenium.remote.service.DriverCommandExecutor.execute(DriverCommandExecutor.java:175)&#13;
	at org.openqa.selenium.remote.RemoteWebDriver.execute(RemoteWebDriver.java:607)&#13;
	at org.openqa.selenium.remote.RemoteWebDriver.executeScript(RemoteWebDriver.java:472)&#13;
	at com.cdm.common.CommonActions.scrollingElementRightBar(CommonActions.java:196)&#13;
	at com.cdm.Stepdefinitions.EDGEDevicesSteps.click_on_search_icon_i_e_three_dots_search_text_field_visible_with_cursor(EDGEDevicesSteps.java:186)&#13;
	at âœ½.Click on search icon i.e. three dots &amp; search text field visible with cursor(file:///E:/Devendra/cdm/CDMCucumber/CDMProject/src/test/resources/Features/EDGEDevices.feature:251)&#13;
&#13;
</error>
      </testcase>
    </testsuite>
  </testsuite>
</testrun>
